2017-07-31 15:25:32,171 %(message)s
2017-07-31 15:29:57,425 %(message)s
2017-07-31 15:32:53,737 %(message)s
2017-07-31 15:37:38,594  ERROR - 没有参数--hosts
2017-07-31 15:38:23,674  ERROR - 没有输入执行命令
2017-07-31 15:39:16,167  ERROR - 没有输入执行命令
2017-07-31 15:39:49,491  ERROR - 没有输入执行命令
2017-07-31 15:43:41,503  ERROR - 没有输入执行命令
2017-07-31 15:55:12,525  ERROR - 没有参数--hosts
2017-07-31 15:55:40,555  ERROR - 没有输入执行命令
2017-07-31 15:59:00,308  ERROR - 没有参数--hosts
2017-07-31 16:00:37,780  ERROR - 没有参数--hosts
2017-07-31 16:07:40,957  ERROR - 没有输入执行主机
2017-07-31 16:13:06,505  ERROR - 没有选择任务id
2017-08-01 15:39:36,879  ERROR - 没有参数--hosts
2017-08-07 16:04:03,047  ERROR - 没有参数--hosts
2017-08-07 16:22:11,069  ERROR - 没有参数--hosts
2017-08-07 16:41:21,899  ERROR - 没有参数--hosts
2017-08-08 08:54:41,350  ERROR - 没有参数--hosts
2017-08-22 10:49:00,467  DEBUG - begin rpc client..........
2017-08-22 10:49:17,683  DEBUG - rpc cmd:run "dir" --hosts 192.168.6.22
2017-08-22 10:49:35,522  DEBUG - rpc cmd:check_task list
2017-08-22 10:50:10,058  DEBUG - rpc cmd:run "ipconfig" --hosts 192.168.6.22
2017-08-22 10:50:18,753  DEBUG - rpc cmd:check_task list
2017-08-22 10:50:24,636  DEBUG - rpc cmd:check_task 1
2017-08-22 10:50:28,688  DEBUG - rpc cmd:exit
2017-08-22 10:50:28,689  DEBUG - close rpc client..........
